<?xml version="1.0" encoding="UTF-8"?>
<!-- Generated by org.testng.reporters.JUnitReportReporter -->
<testsuite hostname="MSI" failures="0" tests="4" name="api.test.UserTests" time="2.604" errors="0" timestamp="2023-03-31T09:55:31 CDT" skipped="0">
  <testcase classname="api.test.UserTests" name="testPostUser" time="1.693"/>
  <system-out/>
  <testcase classname="api.test.UserTests" name="testGetUserByName" time="0.235"/>
  <system-out/>
  <testcase classname="api.test.UserTests" name="testUpdateUserByName" time="0.442"/>
  <system-out/>
  <testcase classname="api.test.UserTests" name="deleteUserByName" time="0.234"/>
  <system-out/>
</testsuite> <!-- api.test.UserTests -->
